2024-02-05 15:18:56,405 - DEBUG - https://api.telegram.org:443 "GET /bot6758207571:AAHJWyIwAOfM4LnG0uIRaJ8fM9C4cCFMHl8/getUpdates?offset=637545890&timeout=20 HTTP/1.1" 200 23
2024-02-05 15:19:04,326 - DEBUG - Starting new HTTPS connection (1): api.telegram.org:443
2024-02-05 15:19:04,740 - DEBUG - https://api.telegram.org:443 "GET /bot6758207571:AAHJWyIwAOfM4LnG0uIRaJ8fM9C4cCFMHl8/getMe HTTP/1.1" 200 193
2024-02-05 15:19:04,745 - DEBUG - Starting new HTTPS connection (1): api.telegram.org:443
2024-02-05 15:19:17,494 - DEBUG - https://api.telegram.org:443 "GET /bot6758207571:AAHJWyIwAOfM4LnG0uIRaJ8fM9C4cCFMHl8/getUpdates?offset=1&timeout=20 HTTP/1.1" 200 844
2024-02-05 15:19:17,501 - INFO - An error occurred in the bot loop: show_current_topics() missing 1 required positional argument: 'user_id'
2024-02-05 15:19:23,835 - DEBUG - https://api.telegram.org:443 "GET /bot6758207571:AAHJWyIwAOfM4LnG0uIRaJ8fM9C4cCFMHl8/getUpdates?offset=637545891&timeout=20 HTTP/1.1" 200 347
2024-02-05 15:19:23,835 - DEBUG - Command /fact called by user 551333501 in chat -1002087302339
2024-02-05 15:19:23,836 - DEBUG - send_random_fact called for user 551333501 in chat -1002087302339
2024-02-05 15:19:23,838 - DEBUG - Starting new HTTPS connection (1): api.telegram.org:443
2024-02-05 15:19:24,376 - DEBUG - https://api.telegram.org:443 "POST /bot6758207571:AAHJWyIwAOfM4LnG0uIRaJ8fM9C4cCFMHl8/sendMessage?chat_id=-1002087302339&text=%D0%92%D1%8B+%D0%BD%D0%B5+%D1%83%D0%BA%D0%B0%D0%B7%D0%B0%D0%BB%D0%B8+%D1%82%D0%B5%D0%BC%D1%8B+%D0%B4%D0%BB%D1%8F+%D0%B8%D0%BD%D1%82%D0%B5%D1%80%D0%B5%D1%81%D0%BD%D1%8B%D1%85+%D1%84%D0%B0%D0%BA%D1%82%D0%BE%D0%B2.+%D0%98%D1%81%D0%BF%D0%BE%D0%BB%D1%8C%D0%B7%D1%83%D0%B9%D1%82%D0%B5+%2Ffactsedit%2C+%D1%87%D1%82%D0%BE%D0%B1%D1%8B+%D0%B4%D0%BE%D0%B1%D0%B0%D0%B2%D0%B8%D1%82%D1%8C+%D1%82%D0%B5%D0%BC%D1%8B. HTTP/1.1" 200 678
2024-02-05 15:19:32,514 - DEBUG - Starting new HTTPS connection (1): api.telegram.org:443
2024-02-05 15:19:32,922 - DEBUG - https://api.telegram.org:443 "GET /bot6758207571:AAHJWyIwAOfM4LnG0uIRaJ8fM9C4cCFMHl8/getUpdates?offset=637545892&timeout=20 HTTP/1.1" 200 353
2024-02-05 15:19:33,211 - DEBUG - https://api.telegram.org:443 "POST /bot6758207571:AAHJWyIwAOfM4LnG0uIRaJ8fM9C4cCFMHl8/sendMessage?chat_id=-1002087302339&text=%D0%92%D1%8B%D0%B1%D0%B5%D1%80%D0%B8%D1%82%D0%B5+%D0%B4%D0%B5%D0%B9%D1%81%D1%82%D0%B2%D0%B8%D0%B5%3A&reply_markup=%7B%22inline_keyboard%22%3A+%5B%5B%7B%22text%22%3A+%22%5Cu0414%5Cu043e%5Cu0431%5Cu0430%5Cu0432%5Cu0438%5Cu0442%5Cu044c+%5Cu0442%5Cu0435%5Cu043c%5Cu044b%22%2C+%22callback_data%22%3A+%22add_topics%22%7D%5D%2C+%5B%7B%22text%22%3A+%22%5Cu0423%5Cu0434%5Cu0430%5Cu043b%5Cu0438%5Cu0442%5Cu044c+%5Cu0442%5Cu0435%5Cu043c%5Cu044b%22%2C+%22callback_data%22%3A+%22delete_topics%22%7D%5D%5D%7D HTTP/1.1" 200 586
2024-02-05 15:19:35,775 - DEBUG - https://api.telegram.org:443 "GET /bot6758207571:AAHJWyIwAOfM4LnG0uIRaJ8fM9C4cCFMHl8/getUpdates?offset=637545893&timeout=20 HTTP/1.1" 200 844
2024-02-05 15:19:35,778 - INFO - An error occurred in the bot loop: show_current_topics() missing 1 required positional argument: 'user_id'
2024-02-05 15:19:50,789 - DEBUG - Starting new HTTPS connection (1): api.telegram.org:443
2024-02-05 15:19:51,207 - DEBUG - https://api.telegram.org:443 "GET /bot6758207571:AAHJWyIwAOfM4LnG0uIRaJ8fM9C4cCFMHl8/getUpdates?offset=637545894&timeout=20 HTTP/1.1" 409 143
2024-02-05 15:20:11,205 - DEBUG - https://api.telegram.org:443 "GET /bot6758207571:AAHJWyIwAOfM4LnG0uIRaJ8fM9C4cCFMHl8/getUpdates?offset=637545894&timeout=20 HTTP/1.1" 200 23
2024-02-05 15:20:31,371 - DEBUG - https://api.telegram.org:443 "GET /bot6758207571:AAHJWyIwAOfM4LnG0uIRaJ8fM9C4cCFMHl8/getUpdates?offset=637545894&timeout=20 HTTP/1.1" 200 23
2024-02-05 15:20:51,520 - DEBUG - https://api.telegram.org:443 "GET /bot6758207571:AAHJWyIwAOfM4LnG0uIRaJ8fM9C4cCFMHl8/getUpdates?offset=637545894&timeout=20 HTTP/1.1" 200 23
2024-02-05 15:21:11,718 - DEBUG - https://api.telegram.org:443 "GET /bot6758207571:AAHJWyIwAOfM4LnG0uIRaJ8fM9C4cCFMHl8/getUpdates?offset=637545894&timeout=20 HTTP/1.1" 200 23
2024-02-05 15:21:31,888 - DEBUG - https://api.telegram.org:443 "GET /bot6758207571:AAHJWyIwAOfM4LnG0uIRaJ8fM9C4cCFMHl8/getUpdates?offset=637545894&timeout=20 HTTP/1.1" 200 23
2024-02-05 15:21:52,062 - DEBUG - https://api.telegram.org:443 "GET /bot6758207571:AAHJWyIwAOfM4LnG0uIRaJ8fM9C4cCFMHl8/getUpdates?offset=637545894&timeout=20 HTTP/1.1" 200 23
2024-02-05 15:22:12,193 - DEBUG - https://api.telegram.org:443 "GET /bot6758207571:AAHJWyIwAOfM4LnG0uIRaJ8fM9C4cCFMHl8/getUpdates?offset=637545894&timeout=20 HTTP/1.1" 200 23
2024-02-05 15:22:32,332 - DEBUG - https://api.telegram.org:443 "GET /bot6758207571:AAHJWyIwAOfM4LnG0uIRaJ8fM9C4cCFMHl8/getUpdates?offset=637545894&timeout=20 HTTP/1.1" 200 23
2024-02-05 15:22:52,689 - DEBUG - https://api.telegram.org:443 "GET /bot6758207571:AAHJWyIwAOfM4LnG0uIRaJ8fM9C4cCFMHl8/getUpdates?offset=637545894&timeout=20 HTTP/1.1" 200 23
2024-02-05 15:23:12,824 - DEBUG - https://api.telegram.org:443 "GET /bot6758207571:AAHJWyIwAOfM4LnG0uIRaJ8fM9C4cCFMHl8/getUpdates?offset=637545894&timeout=20 HTTP/1.1" 200 23
2024-02-05 15:23:32,946 - DEBUG - https://api.telegram.org:443 "GET /bot6758207571:AAHJWyIwAOfM4LnG0uIRaJ8fM9C4cCFMHl8/getUpdates?offset=637545894&timeout=20 HTTP/1.1" 200 23
2024-02-05 15:23:53,099 - DEBUG - https://api.telegram.org:443 "GET /bot6758207571:AAHJWyIwAOfM4LnG0uIRaJ8fM9C4cCFMHl8/getUpdates?offset=637545894&timeout=20 HTTP/1.1" 200 23
2024-02-05 15:24:13,287 - DEBUG - https://api.telegram.org:443 "GET /bot6758207571:AAHJWyIwAOfM4LnG0uIRaJ8fM9C4cCFMHl8/getUpdates?offset=637545894&timeout=20 HTTP/1.1" 200 23
2024-02-05 15:24:33,440 - DEBUG - https://api.telegram.org:443 "GET /bot6758207571:AAHJWyIwAOfM4LnG0uIRaJ8fM9C4cCFMHl8/getUpdates?offset=637545894&timeout=20 HTTP/1.1" 200 23
2024-02-05 15:24:53,600 - DEBUG - https://api.telegram.org:443 "GET /bot6758207571:AAHJWyIwAOfM4LnG0uIRaJ8fM9C4cCFMHl8/getUpdates?offset=637545894&timeout=20 HTTP/1.1" 200 23
2024-02-05 15:25:13,785 - DEBUG - https://api.telegram.org:443 "GET /bot6758207571:AAHJWyIwAOfM4LnG0uIRaJ8fM9C4cCFMHl8/getUpdates?offset=637545894&timeout=20 HTTP/1.1" 200 23
2024-02-05 15:25:33,935 - DEBUG - https://api.telegram.org:443 "GET /bot6758207571:AAHJWyIwAOfM4LnG0uIRaJ8fM9C4cCFMHl8/getUpdates?offset=637545894&timeout=20 HTTP/1.1" 200 23
2024-02-05 15:25:54,075 - DEBUG - https://api.telegram.org:443 "GET /bot6758207571:AAHJWyIwAOfM4LnG0uIRaJ8fM9C4cCFMHl8/getUpdates?offset=637545894&timeout=20 HTTP/1.1" 200 23
2024-02-05 15:26:14,267 - DEBUG - https://api.telegram.org:443 "GET /bot6758207571:AAHJWyIwAOfM4LnG0uIRaJ8fM9C4cCFMHl8/getUpdates?offset=637545894&timeout=20 HTTP/1.1" 200 23
2024-02-05 15:26:34,469 - DEBUG - https://api.telegram.org:443 "GET /bot6758207571:AAHJWyIwAOfM4LnG0uIRaJ8fM9C4cCFMHl8/getUpdates?offset=637545894&timeout=20 HTTP/1.1" 200 23
2024-02-05 15:26:39,553 - DEBUG - https://api.telegram.org:443 "GET /bot6758207571:AAHJWyIwAOfM4LnG0uIRaJ8fM9C4cCFMHl8/getUpdates?offset=637545894&timeout=20 HTTP/1.1" 200 337
2024-02-05 15:26:39,554 - DEBUG - Command /fact called by user 150391257 in chat -1002087302339
2024-02-05 15:26:39,554 - DEBUG - send_random_fact called for user 150391257 in chat -1002087302339
2024-02-05 15:26:39,865 - DEBUG - https://api.telegram.org:443 "POST /bot6758207571:AAHJWyIwAOfM4LnG0uIRaJ8fM9C4cCFMHl8/sendMessage?chat_id=-1002087302339&text=%D0%92%D1%8B+%D0%BD%D0%B5+%D1%83%D0%BA%D0%B0%D0%B7%D0%B0%D0%BB%D0%B8+%D1%82%D0%B5%D0%BC%D1%8B+%D0%B4%D0%BB%D1%8F+%D0%B8%D0%BD%D1%82%D0%B5%D1%80%D0%B5%D1%81%D0%BD%D1%8B%D1%85+%D1%84%D0%B0%D0%BA%D1%82%D0%BE%D0%B2.+%D0%98%D1%81%D0%BF%D0%BE%D0%BB%D1%8C%D0%B7%D1%83%D0%B9%D1%82%D0%B5+%2Ffactsedit%2C+%D1%87%D1%82%D0%BE%D0%B1%D1%8B+%D0%B4%D0%BE%D0%B1%D0%B0%D0%B2%D0%B8%D1%82%D1%8C+%D1%82%D0%B5%D0%BC%D1%8B. HTTP/1.1" 200 678
2024-02-05 15:26:41,985 - DEBUG - https://api.telegram.org:443 "GET /bot6758207571:AAHJWyIwAOfM4LnG0uIRaJ8fM9C4cCFMHl8/getUpdates?offset=637545895&timeout=20 HTTP/1.1" 200 1043
2024-02-05 15:26:42,281 - DEBUG - https://api.telegram.org:443 "POST /bot6758207571:AAHJWyIwAOfM4LnG0uIRaJ8fM9C4cCFMHl8/sendMessage?chat_id=-1002087302339&text=%D0%92%D1%8B%D0%B1%D0%B5%D1%80%D0%B8%D1%82%D0%B5+%D0%B4%D0%B5%D0%B9%D1%81%D1%82%D0%B2%D0%B8%D0%B5%3A&reply_markup=%7B%22inline_keyboard%22%3A+%5B%5B%7B%22text%22%3A+%22%5Cu0414%5Cu043e%5Cu0431%5Cu0430%5Cu0432%5Cu0438%5Cu0442%5Cu044c+%5Cu0442%5Cu0435%5Cu043c%5Cu044b%22%2C+%22callback_data%22%3A+%22add_topics%22%7D%5D%2C+%5B%7B%22text%22%3A+%22%5Cu0423%5Cu0434%5Cu0430%5Cu043b%5Cu0438%5Cu0442%5Cu044c+%5Cu0442%5Cu0435%5Cu043c%5Cu044b%22%2C+%22callback_data%22%3A+%22delete_topics%22%7D%5D%5D%7D HTTP/1.1" 200 586
2024-02-05 15:26:44,404 - DEBUG - https://api.telegram.org:443 "GET /bot6758207571:AAHJWyIwAOfM4LnG0uIRaJ8fM9C4cCFMHl8/getUpdates?offset=637545896&timeout=20 HTTP/1.1" 200 830
2024-02-05 15:26:44,413 - DEBUG - Starting new HTTPS connection (1): api.telegram.org:443
2024-02-05 15:26:44,999 - DEBUG - https://api.telegram.org:443 "POST /bot6758207571:AAHJWyIwAOfM4LnG0uIRaJ8fM9C4cCFMHl8/sendMessage?chat_id=-1002087302339&text=%D0%92%D0%B2%D0%B5%D0%B4%D0%B8%D1%82%D0%B5+%D0%BD%D0%BE%D0%B2%D1%8B%D0%B5+%D1%82%D0%B5%D0%BC%D1%8B%2C+%D0%BA%D0%BE%D1%82%D0%BE%D1%80%D1%8B%D0%B5+%D0%B2%D0%B0%D1%81+%D0%B8%D0%BD%D1%82%D0%B5%D1%80%D0%B5%D1%81%D1%83%D1%8E%D1%82+%28%D1%87%D0%B5%D1%80%D0%B5%D0%B7+%D0%B7%D0%B0%D0%BF%D1%8F%D1%82%D1%83%D1%8E%29%3A HTTP/1.1" 200 521
2024-02-05 15:26:49,261 - DEBUG - https://api.telegram.org:443 "GET /bot6758207571:AAHJWyIwAOfM4LnG0uIRaJ8fM9C4cCFMHl8/getUpdates?offset=637545897&timeout=20 HTTP/1.1" 200 292
2024-02-05 15:26:49,263 - INFO - An error occurred in the bot loop: name 'save_user_data' is not defined
2024-02-05 15:26:56,290 - DEBUG - https://api.telegram.org:443 "GET /bot6758207571:AAHJWyIwAOfM4LnG0uIRaJ8fM9C4cCFMHl8/getUpdates?offset=637545898&timeout=20 HTTP/1.1" 200 833
2024-02-05 15:27:04,267 - INFO - An error occurred in the bot loop: show_current_topics() missing 1 required positional argument: 'user_id'
2024-02-05 15:27:04,272 - DEBUG - Starting new HTTPS connection (1): api.telegram.org:443
2024-02-05 15:27:04,675 - DEBUG - https://api.telegram.org:443 "GET /bot6758207571:AAHJWyIwAOfM4LnG0uIRaJ8fM9C4cCFMHl8/getUpdates?offset=637545899&timeout=20 HTTP/1.1" 200 1154
2024-02-05 15:27:04,951 - DEBUG - https://api.telegram.org:443 "POST /bot6758207571:AAHJWyIwAOfM4LnG0uIRaJ8fM9C4cCFMHl8/sendMessage?chat_id=-1002087302339&text=%D0%92%D1%8B+%D1%83%D0%B6%D0%B5+%D0%B2+%D0%BF%D1%80%D0%BE%D1%86%D0%B5%D1%81%D1%81%D0%B5+%D1%80%D0%B5%D0%B4%D0%B0%D0%BA%D1%82%D0%B8%D1%80%D0%BE%D0%B2%D0%B0%D0%BD%D0%B8%D1%8F+%D1%82%D0%B5%D0%BC. HTTP/1.1" 200 414
2024-02-05 15:27:19,274 - INFO - An error occurred in the bot loop: show_current_topics() missing 1 required positional argument: 'user_id'
2024-02-05 15:27:19,278 - DEBUG - Starting new HTTPS connection (1): api.telegram.org:443
2024-02-05 15:27:19,698 - DEBUG - https://api.telegram.org:443 "GET /bot6758207571:AAHJWyIwAOfM4LnG0uIRaJ8fM9C4cCFMHl8/getUpdates?offset=637545901&timeout=20 HTTP/1.1" 200 2665
2024-02-05 15:27:19,975 - DEBUG - https://api.telegram.org:443 "POST /bot6758207571:AAHJWyIwAOfM4LnG0uIRaJ8fM9C4cCFMHl8/sendMessage?chat_id=-1002087302339&text=%D0%92%D1%8B+%D1%83%D0%B6%D0%B5+%D0%B2+%D0%BF%D1%80%D0%BE%D1%86%D0%B5%D1%81%D1%81%D0%B5+%D1%80%D0%B5%D0%B4%D0%B0%D0%BA%D1%82%D0%B8%D1%80%D0%BE%D0%B2%D0%B0%D0%BD%D0%B8%D1%8F+%D1%82%D0%B5%D0%BC. HTTP/1.1" 200 414
2024-02-05 15:27:34,281 - INFO - An error occurred in the bot loop: show_current_topics() missing 1 required positional argument: 'user_id'
2024-02-05 15:27:34,285 - DEBUG - Starting new HTTPS connection (1): api.telegram.org:443
2024-02-05 15:27:49,293 - DEBUG - Starting new HTTPS connection (1): api.telegram.org:443
2024-02-05 15:27:49,705 - DEBUG - https://api.telegram.org:443 "GET /bot6758207571:AAHJWyIwAOfM4LnG0uIRaJ8fM9C4cCFMHl8/getUpdates?offset=637545904&timeout=20 HTTP/1.1" 409 143
2024-02-05 15:28:09,712 - DEBUG - https://api.telegram.org:443 "GET /bot6758207571:AAHJWyIwAOfM4LnG0uIRaJ8fM9C4cCFMHl8/getUpdates?offset=637545904&timeout=20 HTTP/1.1" 200 23
2024-02-05 15:28:29,887 - DEBUG - https://api.telegram.org:443 "GET /bot6758207571:AAHJWyIwAOfM4LnG0uIRaJ8fM9C4cCFMHl8/getUpdates?offset=637545904&timeout=20 HTTP/1.1" 200 23
2024-02-05 15:28:30,611 - DEBUG - https://api.telegram.org:443 "GET /bot6758207571:AAHJWyIwAOfM4LnG0uIRaJ8fM9C4cCFMHl8/getUpdates?offset=637545904&timeout=20 HTTP/1.1" 200 490
2024-02-05 15:28:36,712 - DEBUG - https://api.telegram.org:443 "GET /bot6758207571:AAHJWyIwAOfM4LnG0uIRaJ8fM9C4cCFMHl8/getUpdates?offset=637545905&timeout=20 HTTP/1.1" 200 343
2024-02-05 15:28:39,339 - DEBUG - https://api.telegram.org:443 "GET /bot6758207571:AAHJWyIwAOfM4LnG0uIRaJ8fM9C4cCFMHl8/getUpdates?offset=637545906&timeout=20 HTTP/1.1" 200 296
2024-02-05 15:53:55,880 - DEBUG - Starting new HTTPS connection (1): api.telegram.org:443
2024-02-05 15:53:56,291 - DEBUG - https://api.telegram.org:443 "GET /bot6758207571:AAHJWyIwAOfM4LnG0uIRaJ8fM9C4cCFMHl8/getMe HTTP/1.1" 200 193
2024-02-05 15:53:56,297 - DEBUG - Starting new HTTPS connection (1): api.telegram.org:443
2024-02-05 15:54:16,771 - DEBUG - https://api.telegram.org:443 "GET /bot6758207571:AAHJWyIwAOfM4LnG0uIRaJ8fM9C4cCFMHl8/getUpdates?offset=1&timeout=20 HTTP/1.1" 200 23
2024-02-05 15:54:36,948 - DEBUG - https://api.telegram.org:443 "GET /bot6758207571:AAHJWyIwAOfM4LnG0uIRaJ8fM9C4cCFMHl8/getUpdates?offset=1&timeout=20 HTTP/1.1" 200 23
